[INFO ] 2021-02-02 15:50:05.690 [main] SignIn - Email type in the email field on the sign-in screen
[INFO ] 2021-02-02 15:50:07.646 [main] SignIn - Password typed in the password field on the sign-in screen
[INFO ] 2021-02-02 15:50:08.794 [main] SignIn - Sign In button tapped on the sign-in screen
[INFO ] 2021-02-02 15:50:12.709 [main] SignIn - Text verified for the login confirmation
[INFO ] 2021-02-02 15:50:12.877 [main] WallOfFame - First team card tapped on the team listing
[INFO ] 2021-02-02 15:50:15.746 [main] WallOfFame - More icon (+) tapped on the selected Team feed
[INFO ] 2021-02-02 15:50:16.832 [main] WallOfFame - Wall of Fame Button Tapped in the selected team
[INFO ] 2021-02-02 15:50:18.034 [main] WallOfFame - Third Background color tapped on the share an Announcement screen
[INFO ] 2021-02-02 15:50:19.657 [main] WallOfFame - Text entered in the input field for Wall of Fame
[INFO ] 2021-02-02 15:50:20.763 [main] WallOfFame - Add Media button tapped on the announcement screen
[INFO ] 2021-02-02 15:50:21.694 [main] WallOfFame - Go To Gallery option tapped on the bottom sheet
[INFO ] 2021-02-02 15:50:24.662 [main] WallOfFame - Image is selected from the gallery for announcement attachement
[INFO ] 2021-02-02 15:50:25.947 [main] WallOfFame - Tag Member option tapped on the announcement screen
[INFO ] 2021-02-02 15:50:29.612 [main] WallOfFame - Position 1 tapped on the member selection listing
[INFO ] 2021-02-02 15:50:29.826 [main] WallOfFame - Position 2 tapped on the member selection listing
[INFO ] 2021-02-02 15:50:30.770 [main] WallOfFame - Done button tapped on the Member selection List
[INFO ] 2021-02-02 15:50:31.683 [main] WallOfFame - Post Announcement in Team button tapped on the Announcement screen
[INFO ] 2021-02-02 15:50:37.713 [main] WallOfFame - Close icon tapped on the success pop-up for announcement posted
[INFO ] 2021-02-02 15:50:39.961 [main] BrightIdeas - More icon (+) tapped on the selected Team feed
[INFO ] 2021-02-02 15:50:41.050 [main] BrightIdeas - Bright Ideas Button Tapped in the selected team
[INFO ] 2021-02-02 15:50:41.842 [main] BrightIdeas - sixth Background color tapped on the share an Announcement screen
[INFO ] 2021-02-02 15:50:43.759 [main] BrightIdeas - Text entered in the input field for Bright Ideas
[INFO ] 2021-02-02 15:50:44.695 [main] BrightIdeas - Add Media button tapped on the Idea screen
[INFO ] 2021-02-02 15:50:45.743 [main] BrightIdeas - Go To Gallery option tapped on the bottom sheet
[INFO ] 2021-02-02 15:50:47.225 [main] BrightIdeas - Image is selected from the gallery for Idea attachement
[INFO ] 2021-02-02 15:50:48.718 [main] BrightIdeas - Post Idea in Team button tapped on the Idea screen
[INFO ] 2021-02-02 15:50:58.717 [main] BrightIdeas - Close icon tapped on the success pop-up for Idea posted
[INFO ] 2021-02-02 15:51:01.916 [main] Slideshow - More icon (+) tapped on the selected Team feed
[INFO ] 2021-02-02 15:51:03.685 [main] Slideshow - Slideshow option from more menu is tapped
[INFO ] 2021-02-02 15:51:05.134 [main] Slideshow - Capture button tapped on the slideshow screen
[INFO ] 2021-02-02 15:51:06.753 [main] Slideshow - Topic type in the Set Topic field on the slideshow screen
[INFO ] 2021-02-02 15:51:07.681 [main] Slideshow - Share button tapped on the slideshow screen
[INFO ] 2021-02-02 15:51:12.135 [main] TeamVideo - More icon (+) tapped on the selected Team feed
[INFO ] 2021-02-02 15:51:13.884 [main] TeamVideo - Team Video option is tapped from the more menu
[INFO ] 2021-02-02 15:51:15.388 [main] TeamVideo - Team Video Record button is tapped on the Video Recording Screen
[INFO ] 2021-02-02 15:51:15.408 [main] TeamVideo - Waiting for recording for about 5 seconds
[INFO ] 2021-02-02 15:51:17.513 [main] TeamVideo - Stop button tapped on the Video Screen to stop Recording
[INFO ] 2021-02-02 15:51:18.225 [main] TeamVideo - Topic is typed on the Team Video Screen
[INFO ] 2021-02-02 15:51:18.804 [main] TeamVideo - Share button is tapped on the Video Screen to post the video in the Feed
[INFO ] 2021-02-02 15:53:56.737 [main] SignIn - Email type in the email field on the sign-in screen
[INFO ] 2021-02-02 15:53:58.711 [main] SignIn - Password typed in the password field on the sign-in screen
[INFO ] 2021-02-02 15:53:59.796 [main] SignIn - Sign In button tapped on the sign-in screen
[INFO ] 2021-02-02 15:54:03.812 [main] SignIn - Text verified for the login confirmation
[INFO ] 2021-02-02 15:54:03.992 [main] WallOfFame - First team card tapped on the team listing
[INFO ] 2021-02-02 15:54:07.838 [main] SignOut - Typed text in the Textual Post Field
[INFO ] 2021-02-02 15:54:09.666 [main] SignOut - Tapped the send button to post the status
[INFO ] 2021-02-02 15:54:09.844 [main] TopicOfTheDay - Topic of the Field is tapped
[INFO ] 2021-02-02 15:54:10.775 [main] TopicOfTheDay - Bottom sheet is tapped to select the Create Topic option
[INFO ] 2021-02-02 15:54:12.721 [main] TopicOfTheDay - Text typed for the Topic in the Topic of the Day field
[INFO ] 2021-02-02 15:54:13.792 [main] SignOut - Back icon tapped tap on the Team Feed
[INFO ] 2021-02-02 15:54:14.862 [main] SignOut - Drawer icon tapped on the Home Screen
[INFO ] 2021-02-02 15:54:15.910 [main] SignOut - SignOut button tapped from the side drawer
[INFO ] 2021-02-02 15:54:16.761 [main] SignOut - Yes option tapped on the confirmation alert for sign out
[INFO ] 2021-02-02 17:49:33.782 [main] SignIn - Email type in the email field on the sign-in screen
[INFO ] 2021-02-02 17:49:34.839 [main] SignIn - Password typed in the password field on the sign-in screen
[INFO ] 2021-02-02 17:49:35.850 [main] SignIn - Sign In button tapped on the sign-in screen
[INFO ] 2021-02-02 17:49:38.828 [main] SignIn - Text verified for the login confirmation
[INFO ] 2021-02-02 17:49:38.949 [main] WallOfFame - First team card tapped on the team listing
[INFO ] 2021-02-02 17:49:40.968 [main] WallOfFame - More icon (+) tapped on the selected Team feed
[INFO ] 2021-02-02 17:49:41.985 [main] WallOfFame - Wall of Fame Button Tapped in the selected team
[INFO ] 2021-02-02 17:49:43.050 [main] WallOfFame - Third Background color tapped on the share an Announcement screen
[INFO ] 2021-02-02 17:49:44.759 [main] WallOfFame - Text entered in the input field for Wall of Fame
[INFO ] 2021-02-02 17:49:45.832 [main] WallOfFame - Add Media button tapped on the announcement screen
[INFO ] 2021-02-02 17:49:46.836 [main] WallOfFame - Go To Gallery option tapped on the bottom sheet
[INFO ] 2021-02-02 17:49:49.094 [main] WallOfFame - Image is selected from the gallery for announcement attachement
[INFO ] 2021-02-02 17:49:50.295 [main] WallOfFame - Tag Member option tapped on the announcement screen
[INFO ] 2021-02-02 17:49:52.872 [main] WallOfFame - Position 1 tapped on the member selection listing
[INFO ] 2021-02-02 17:49:52.996 [main] WallOfFame - Done button tapped on the Member selection List
[INFO ] 2021-02-02 17:49:53.695 [main] WallOfFame - Post Announcement in Team button tapped on the Announcement screen
[INFO ] 2021-02-02 17:49:58.224 [main] WallOfFame - Close icon tapped on the success pop-up for announcement posted
[INFO ] 2021-02-02 17:50:00.848 [main] BrightIdeas - More icon (+) tapped on the selected Team feed
[INFO ] 2021-02-02 17:50:02.546 [main] BrightIdeas - Bright Ideas Button Tapped in the selected team
[INFO ] 2021-02-02 17:50:03.230 [main] BrightIdeas - sixth Background color tapped on the share an Announcement screen
[INFO ] 2021-02-02 17:50:03.829 [main] BrightIdeas - Text entered in the input field for Bright Ideas
[INFO ] 2021-02-02 17:50:04.829 [main] BrightIdeas - Add Media button tapped on the Idea screen
[INFO ] 2021-02-02 17:50:05.449 [main] BrightIdeas - Go To Gallery option tapped on the bottom sheet
[INFO ] 2021-02-02 17:50:06.978 [main] BrightIdeas - Image is selected from the gallery for Idea attachement
[INFO ] 2021-02-02 17:50:08.149 [main] BrightIdeas - Post Idea in Team button tapped on the Idea screen
[INFO ] 2021-02-02 17:50:12.895 [main] BrightIdeas - Close icon tapped on the success pop-up for Idea posted
[INFO ] 2021-02-02 17:50:14.079 [main] Slideshow - More icon (+) tapped on the selected Team feed
[INFO ] 2021-02-02 17:50:16.014 [main] Slideshow - Slideshow option from more menu is tapped
[INFO ] 2021-02-02 17:50:17.164 [main] Slideshow - Capture button tapped on the slideshow screen
[INFO ] 2021-02-02 17:50:18.777 [main] Slideshow - Topic type in the Set Topic field on the slideshow screen
[INFO ] 2021-02-02 17:50:19.872 [main] Slideshow - Share button tapped on the slideshow screen
[INFO ] 2021-02-02 17:50:26.848 [main] TeamVideo - More icon (+) tapped on the selected Team feed
[INFO ] 2021-02-02 17:50:27.898 [main] TeamVideo - Team Video option is tapped from the more menu
[INFO ] 2021-02-02 17:50:29.163 [main] TeamVideo - Team Video Record button is tapped on the Video Recording Screen
[INFO ] 2021-02-02 17:50:29.170 [main] TeamVideo - Waiting for recording for about 5 seconds
[INFO ] 2021-02-02 17:50:29.949 [main] TeamVideo - Stop button tapped on the Video Screen to stop Recording
[INFO ] 2021-02-02 17:50:31.814 [main] TeamVideo - Topic is typed on the Team Video Screen
[INFO ] 2021-02-02 17:50:32.386 [main] TeamVideo - Share button is tapped on the Video Screen to post the video in the Feed
[INFO ] 2021-02-02 17:50:37.830 [main] TeamVideo - Close icon tapped on the success pop-up for Video posted
[INFO ] 2021-02-02 17:50:40.765 [main] SignOut - Typed text in the Textual Post Field
[INFO ] 2021-02-02 17:50:41.880 [main] SignOut - Tapped the send button to post the status
[INFO ] 2021-02-02 17:50:42.666 [main] TopicOfTheDay - Topic of the Field is tapped
[INFO ] 2021-02-02 17:50:43.922 [main] TopicOfTheDay - Bottom sheet is tapped to select the Create Topic option
[INFO ] 2021-02-02 17:50:44.769 [main] TopicOfTheDay - Text typed for the Topic in the Topic of the Day field
[INFO ] 2021-02-02 17:50:45.416 [main] SignOut - Back icon tapped tap on the Team Feed
[INFO ] 2021-02-02 17:50:47.098 [main] SignOut - Drawer icon tapped on the Home Screen
[INFO ] 2021-02-02 17:50:48.081 [main] SignOut - SignOut button tapped from the side drawer
[INFO ] 2021-02-02 17:50:48.866 [main] SignOut - Yes option tapped on the confirmation alert for sign out
